\BOOKMARK [0][-]{section*.2}{Abstract}{}% 1
\BOOKMARK [0][-]{section*.5}{Contents}{}% 2
\BOOKMARK [0][-]{chapter*.6}{List of Symbols}{}% 3
\BOOKMARK [0][-]{chapter.1}{Introduction}{}% 4
\BOOKMARK [0][-]{chapter.2}{Background}{}% 5
\BOOKMARK [1][-]{section.2.1}{Probability}{chapter.2}% 6
\BOOKMARK [1][-]{section.2.2}{Information Theory}{chapter.2}% 7
\BOOKMARK [1][-]{section.2.3}{Channel Coding for Point-to-point Channels}{chapter.2}% 8
\BOOKMARK [0][-]{chapter.3}{Tight Approximation Guarantees for Concave Coverage Problems}{}% 9
\BOOKMARK [1][-]{section.3.1}{Approximation Algorithm for -MaxCoverage}{chapter.3}% 10
\BOOKMARK [1][-]{section.3.2}{Hardness of Approximation for -MaxCoverage}{chapter.3}% 11
\BOOKMARK [1][-]{section.3.3}{Applications}{chapter.3}% 12
\BOOKMARK [1][-]{section.3.4}{Conclusion}{chapter.3}% 13
\BOOKMARK [1][-]{section.3.5}{Appendix}{chapter.3}% 14
\BOOKMARK [0][-]{chapter.4}{Multiple-access Channel Coding with Non-signaling Correlations}{}% 15
\BOOKMARK [1][-]{section.4.1}{Multiple-access Channels Capacity Regions}{chapter.4}% 16
\BOOKMARK [1][-]{section.4.2}{Hardness of Approximation for Multiple-access Channel Coding}{chapter.4}% 17
\BOOKMARK [1][-]{section.4.3}{Properties of Non-signaling Assisted Codes}{chapter.4}% 18
\BOOKMARK [1][-]{section.4.4}{Non-signaling Achievability Bounds}{chapter.4}% 19
\BOOKMARK [1][-]{section.4.5}{Relaxed Non-signaling Assisted Capacity Region and Outer Bounds}{chapter.4}% 20
\BOOKMARK [1][-]{section.4.6}{Independent Non-signaling Assisted Capacity Region}{chapter.4}% 21
\BOOKMARK [1][-]{section.4.7}{Conclusion}{chapter.4}% 22
\BOOKMARK [0][-]{chapter.5}{Broadcast Channel Coding with Non-signaling Correlations}{}% 23
\BOOKMARK [1][-]{section.5.1}{Broadcast Channel Coding}{chapter.5}% 24
\BOOKMARK [1][-]{section.5.2}{Non-signaling Assistance}{chapter.5}% 25
\BOOKMARK [1][-]{section.5.3}{Approximation Algorithm for Deterministic Broadcast Channel Coding}{chapter.5}% 26
\BOOKMARK [1][-]{section.5.4}{Hardness of Approximation for Broadcast Channel Coding}{chapter.5}% 27
\BOOKMARK [1][-]{section.5.5}{Conclusion}{chapter.5}% 28
\BOOKMARK [0][-]{chapter.6}{Conclusion}{}% 29
\BOOKMARK [0][-]{section*.24}{Bibliography}{}% 30
