\BOOKMARK [1][-]{section.1}{Introduction}{}% 1
\BOOKMARK [1][-]{section.2}{Broadcast Channels}{}% 2
\BOOKMARK [2][-]{subsection.2.1}{Classical Quantities}{section.2}% 3
\BOOKMARK [3][-]{subsubsection.2.1.1}{Saverage\(W,k1,k2\)}{subsection.2.1}% 4
\BOOKMARK [3][-]{subsubsection.2.1.2}{S\(W,k1,k2\)}{subsection.2.1}% 5
\BOOKMARK [2][-]{subsection.2.2}{Non-Signaling Assistance}{section.2}% 6
\BOOKMARK [3][-]{subsubsection.2.2.1}{Non-Signaling Assistance Between the Decoders}{subsection.2.2}% 7
\BOOKMARK [3][-]{subsubsection.2.2.2}{Non-Signaling Assistance Between the Encoder and one Decoder}{subsection.2.2}% 8
\BOOKMARK [3][-]{subsubsection.2.2.3}{Full Non-Signaling Assistance}{subsection.2.2}% 9
\BOOKMARK [1][-]{section.3}{Deterministic Case and Interpretation}{}% 10
\BOOKMARK [2][-]{subsection.3.1}{Approximation Algorithm for DensestQuotientGraph}{section.3}% 11
\BOOKMARK [2][-]{subsection.3.2}{k1k2SNSe,d1\(W,k1,k2\) Combirelax\(W,k1,k2\)}{section.3}% 12
\BOOKMARK [2][-]{subsection.3.3}{Combi\(W,k1,k2\) \(1-e-1\)2Combirelax\(W,k1,k2\)}{section.3}% 13
\BOOKMARK [2][-]{subsection.3.4}{NSe,d1 does not increase the capacity regions in the deterministic case}{section.3}% 14
\BOOKMARK [2][-]{subsection.3.5}{NS does not increase the capacity regions in the deterministic case}{section.3}% 15
\BOOKMARK [2][-]{subsection.3.6}{Complete and self-contained proof that NS does not change the capacity region of a deterministic broadcast channel}{section.3}% 16
\BOOKMARK [1][-]{section.4}{Randomized Coding for Saverage}{}% 17
\BOOKMARK [2][-]{subsection.4.1}{For a Particular Channel}{section.4}% 18
\BOOKMARK [2][-]{subsection.4.2}{Another particular case}{section.4}% 19
\BOOKMARK [1][-]{section.5}{Symmetrization}{}% 20
\BOOKMARK [2][-]{subsection.5.1}{Blackwell channel}{section.5}% 21
