\BOOKMARK [1][-]{section.1}{Channel Coding Function Properties}{}% 1
\BOOKMARK [2][-]{subsection.1.1}{Definition and proven properties}{section.1}% 2
\BOOKMARK [2][-]{subsection.1.2}{Other properties investigated}{section.1}% 3
\BOOKMARK [1][-]{section.2}{Greedy algorithm}{}% 4
\BOOKMARK [2][-]{subsection.2.1}{Classical case}{section.2}% 5
\BOOKMARK [2][-]{subsection.2.2}{Pure real quantum case}{section.2}% 6
\BOOKMARK [3][-]{subsubsection.2.2.1}{NP-hardness and inapproximability}{subsection.2.2}% 7
\BOOKMARK [3][-]{subsubsection.2.2.2}{Best counter-example to the greedy algorithm}{subsection.2.2}% 8
\BOOKMARK [1][-]{section.3}{Interpretation of our problem in terms of convex shape covering}{}% 9
\BOOKMARK [2][-]{subsection.3.1}{Generalized Probabilistic Theories \(GPTs\)}{section.3}% 10
\BOOKMARK [2][-]{subsection.3.2}{Generalization of the channel coding problem in a GPT}{section.3}% 11
\BOOKMARK [2][-]{subsection.3.3}{Equivalence with the minimum enclosing convex shape problem \(MECP\)}{section.3}% 12
\BOOKMARK [3][-]{subsubsection.3.3.1}{MinEffect \040MECP}{subsection.3.3}% 13
\BOOKMARK [3][-]{subsubsection.3.3.2}{MECP \040MinEffect}{subsection.3.3}% 14
\BOOKMARK [3][-]{subsubsection.3.3.3}{Non-uniform inputs case}{subsection.3.3}% 15
\BOOKMARK [2][-]{subsection.3.4}{Useful properties of MECP from BK13,BR09}{section.3}% 16
\BOOKMARK [2][-]{subsection.3.5}{Geometric interpretation}{section.3}% 17
\BOOKMARK [3][-]{subsubsection.3.5.1}{Simplex: classical case}{subsection.3.5}% 18
\BOOKMARK [3][-]{subsubsection.3.5.2}{Dd: quantum case}{subsection.3.5}% 19
\BOOKMARK [3][-]{subsubsection.3.5.3}{Ball Bn}{subsection.3.5}% 20
